ERROR - 2026-03-21 07:51:47 --> mysqli_sql_exception: MySQL server has gone away in C:\xampp\htdocs\codeigniter_4\system\Database\MySQLi\Connection.php:327
Stack trace:
#0 C:\xampp\htdocs\codeigniter_4\system\Database\MySQLi\Connection.php(327): mysqli->query('SELECT *\nFROM `...', 0)
#1 C:\xampp\htdocs\codeigniter_4\system\Database\BaseConnection.php(729): CodeIgniter\Database\MySQLi\Connection->execute('SELECT *\nFROM `...')
#2 C:\xampp\htdocs\codeigniter_4\system\Database\BaseConnection.php(646): CodeIgniter\Database\BaseConnection->simpleQuery('SELECT *\nFROM `...')
#3 C:\xampp\htdocs\codeigniter_4\system\Database\BaseBuilder.php(1649): CodeIgniter\Database\BaseConnection->query('SELECT *\nFROM `...', Array, false)
#4 C:\xampp\htdocs\codeigniter_4\system\Model.php(286): CodeIgniter\Database\BaseBuilder->get()
#5 C:\xampp\htdocs\codeigniter_4\system\BaseModel.php(677): CodeIgniter\Model->doFindAll(0, 0)
#6 C:\xampp\htdocs\codeigniter_4\app\Controllers\Products.php(36): CodeIgniter\BaseModel->findAll()
#7 C:\xampp\htdocs\codeigniter_4\system\CodeIgniter.php(933): App\Controllers\Products->product_view()
#8 C:\xampp\htdocs\codeigniter_4\system\CodeIgniter.php(507): CodeIgniter\CodeIgniter->runController(Object(App\Controllers\Products))
#9 C:\xampp\htdocs\codeigniter_4\system\CodeIgniter.php(354): CodeIgniter\CodeIgniter->handleRequest(NULL, Object(Config\Cache), false)
#10 C:\xampp\htdocs\codeigniter_4\system\Boot.php(363): CodeIgniter\CodeIgniter->run()
#11 C:\xampp\htdocs\codeigniter_4\system\Boot.php(68): CodeIgniter\Boot::runCodeIgniter(Object(CodeIgniter\CodeIgniter))
#12 C:\xampp\htdocs\codeigniter_4\public\index.php(59): CodeIgniter\Boot::bootWeb(Object(Config\Paths))
#13 {main}
ERROR - 2026-03-21 07:51:47 --> mysqli_sql_exception: MySQL server has gone away in C:\xampp\htdocs\codeigniter_4\system\Database\MySQLi\Connection.php:327
Stack trace:
#0 C:\xampp\htdocs\codeigniter_4\system\Database\MySQLi\Connection.php(327): mysqli->query('SELECT `st_key`...', 0)
#1 C:\xampp\htdocs\codeigniter_4\system\Database\BaseConnection.php(729): CodeIgniter\Database\MySQLi\Connection->execute('SELECT `st_key`...')
#2 C:\xampp\htdocs\codeigniter_4\system\Database\BaseConnection.php(646): CodeIgniter\Database\BaseConnection->simpleQuery('SELECT `st_key`...')
#3 C:\xampp\htdocs\codeigniter_4\system\Database\BaseBuilder.php(1649): CodeIgniter\Database\BaseConnection->query('SELECT `st_key`...', Array, false)
#4 C:\xampp\htdocs\codeigniter_4\app\Models\SettingsModel.php(38): CodeIgniter\Database\BaseBuilder->get()
#5 C:\xampp\htdocs\codeigniter_4\app\Views\admin\header.php(50): App\Models\SettingsModel->getGroupSettings('system')
#6 C:\xampp\htdocs\codeigniter_4\app\Views\admin\products.php(3): include('C:\\xampp\\htdocs...')
#7 C:\xampp\htdocs\codeigniter_4\system\View\View.php(226): include('C:\\xampp\\htdocs...')
#8 C:\xampp\htdocs\codeigniter_4\system\View\View.php(229): CodeIgniter\View\View->CodeIgniter\View\{closure}()
#9 C:\xampp\htdocs\codeigniter_4\system\Common.php(1199): CodeIgniter\View\View->render('admin/products', Array, true)
#10 C:\xampp\htdocs\codeigniter_4\app\Controllers\Products.php(103): view('admin/products', Array)
#11 C:\xampp\htdocs\codeigniter_4\system\CodeIgniter.php(933): App\Controllers\Products->product_view()
#12 C:\xampp\htdocs\codeigniter_4\system\CodeIgniter.php(507): CodeIgniter\CodeIgniter->runController(Object(App\Controllers\Products))
#13 C:\xampp\htdocs\codeigniter_4\system\CodeIgniter.php(354): CodeIgniter\CodeIgniter->handleRequest(NULL, Object(Config\Cache), false)
#14 C:\xampp\htdocs\codeigniter_4\system\Boot.php(363): CodeIgniter\CodeIgniter->run()
#15 C:\xampp\htdocs\codeigniter_4\system\Boot.php(68): CodeIgniter\Boot::runCodeIgniter(Object(CodeIgniter\CodeIgniter))
#16 C:\xampp\htdocs\codeigniter_4\public\index.php(59): CodeIgniter\Boot::bootWeb(Object(Config\Paths))
#17 {main}
ERROR - 2026-03-21 07:52:06 --> Error connecting to the database: mysqli_sql_exception: No connection could be made because the target machine actively refused it in C:\xampp\htdocs\codeigniter_4\system\Database\MySQLi\Connection.php:202
Stack trace:
#0 C:\xampp\htdocs\codeigniter_4\system\Database\MySQLi\Connection.php(202): mysqli->real_connect('localhost', 'root', '', 'online_cart', 3306, '', 0)
#1 C:\xampp\htdocs\codeigniter_4\system\Database\BaseConnection.php(419): CodeIgniter\Database\MySQLi\Connection->connect(false)
#2 C:\xampp\htdocs\codeigniter_4\system\Database\BaseConnection.php(614): CodeIgniter\Database\BaseConnection->initialize()
#3 C:\xampp\htdocs\codeigniter_4\system\Database\BaseConnection.php(1525): CodeIgniter\Database\BaseConnection->query('SHOW TABLES FRO...')
#4 C:\xampp\htdocs\codeigniter_4\system\Database\BaseConnection.php(1545): CodeIgniter\Database\BaseConnection->listTables()
#5 C:\xampp\htdocs\codeigniter_4\app\Views\admin\header.php(48): CodeIgniter\Database\BaseConnection->tableExists('settings')
#6 C:\xampp\htdocs\codeigniter_4\app\Views\admin\dashboard.php(3): include('C:\\xampp\\htdocs...')
#7 C:\xampp\htdocs\codeigniter_4\system\View\View.php(226): include('C:\\xampp\\htdocs...')
#8 C:\xampp\htdocs\codeigniter_4\system\View\View.php(229): CodeIgniter\View\View->CodeIgniter\View\{closure}()
#9 C:\xampp\htdocs\codeigniter_4\system\Common.php(1199): CodeIgniter\View\View->render('admin/dashboard', Array, true)
#10 C:\xampp\htdocs\codeigniter_4\app\Controllers\Dashboard.php(15): view('admin/dashboard')
#11 C:\xampp\htdocs\codeigniter_4\system\CodeIgniter.php(933): App\Controllers\Dashboard->dashboard()
#12 C:\xampp\htdocs\codeigniter_4\system\CodeIgniter.php(507): CodeIgniter\CodeIgniter->runController(Object(App\Controllers\Dashboard))
#13 C:\xampp\htdocs\codeigniter_4\system\CodeIgniter.php(354): CodeIgniter\CodeIgniter->handleRequest(NULL, Object(Config\Cache), false)
#14 C:\xampp\htdocs\codeigniter_4\system\Boot.php(363): CodeIgniter\CodeIgniter->run()
#15 C:\xampp\htdocs\codeigniter_4\system\Boot.php(68): CodeIgniter\Boot::runCodeIgniter(Object(CodeIgniter\CodeIgniter))
#16 C:\xampp\htdocs\codeigniter_4\public\index.php(59): CodeIgniter\Boot::bootWeb(Object(Config\Paths))
#17 {main}

Next CodeIgniter\Database\Exceptions\DatabaseException: No connection could be made because the target machine actively refused it in C:\xampp\htdocs\codeigniter_4\system\Database\MySQLi\Connection.php:246
Stack trace:
#0 C:\xampp\htdocs\codeigniter_4\system\Database\BaseConnection.php(419): CodeIgniter\Database\MySQLi\Connection->connect(false)
#1 C:\xampp\htdocs\codeigniter_4\system\Database\BaseConnection.php(614): CodeIgniter\Database\BaseConnection->initialize()
#2 C:\xampp\htdocs\codeigniter_4\system\Database\BaseConnection.php(1525): CodeIgniter\Database\BaseConnection->query('SHOW TABLES FRO...')
#3 C:\xampp\htdocs\codeigniter_4\system\Database\BaseConnection.php(1545): CodeIgniter\Database\BaseConnection->listTables()
#4 C:\xampp\htdocs\codeigniter_4\app\Views\admin\header.php(48): CodeIgniter\Database\BaseConnection->tableExists('settings')
#5 C:\xampp\htdocs\codeigniter_4\app\Views\admin\dashboard.php(3): include('C:\\xampp\\htdocs...')
#6 C:\xampp\htdocs\codeigniter_4\system\View\View.php(226): include('C:\\xampp\\htdocs...')
#7 C:\xampp\htdocs\codeigniter_4\system\View\View.php(229): CodeIgniter\View\View->CodeIgniter\View\{closure}()
#8 C:\xampp\htdocs\codeigniter_4\system\Common.php(1199): CodeIgniter\View\View->render('admin/dashboard', Array, true)
#9 C:\xampp\htdocs\codeigniter_4\app\Controllers\Dashboard.php(15): view('admin/dashboard')
#10 C:\xampp\htdocs\codeigniter_4\system\CodeIgniter.php(933): App\Controllers\Dashboard->dashboard()
#11 C:\xampp\htdocs\codeigniter_4\system\CodeIgniter.php(507): CodeIgniter\CodeIgniter->runController(Object(App\Controllers\Dashboard))
#12 C:\xampp\htdocs\codeigniter_4\system\CodeIgniter.php(354): CodeIgniter\CodeIgniter->handleRequest(NULL, Object(Config\Cache), false)
#13 C:\xampp\htdocs\codeigniter_4\system\Boot.php(363): CodeIgniter\CodeIgniter->run()
#14 C:\xampp\htdocs\codeigniter_4\system\Boot.php(68): CodeIgniter\Boot::runCodeIgniter(Object(CodeIgniter\CodeIgniter))
#15 C:\xampp\htdocs\codeigniter_4\public\index.php(59): CodeIgniter\Boot::bootWeb(Object(Config\Paths))
#16 {main}
