CRITICAL - 2026-02-10 15:46:18 --> ErrorException: include(footer.php): Failed to open stream: No such file or directory
[Method: GET, Route: admin/dashboard]
in APPPATH\Views\admin\dashboard.php on line 88.
 1 APPPATH\Views\admin\dashboard.php(88): CodeIgniter\Debug\Exceptions->errorHandler(2, 'include(footer.php): Failed to open stream: No such file or directory', 'C:\\xampp\\htdocs\\codeiginter_4\\app\\Views\\admin\\dashboard.php', 88)
 2 APPPATH\Views\admin\dashboard.php(88): include()
 3 SYSTEMPATH\View\View.php(226): include('C:\\xampp\\htdocs\\codeiginter_4\\app\\Views\\admin\\dashboard.php')
 4 SYSTEMPATH\View\View.php(229): CodeIgniter\View\View->CodeIgniter\View\{closure}()
 5 SYSTEMPATH\Common.php(1199): CodeIgniter\View\View->render('admin/dashboard', [], true)
 6 APPPATH\Controllers\Dashboard.php(9): view('admin/dashboard')
 7 SYSTEMPATH\CodeIgniter.php(933): App\Controllers\Dashboard->dashboard()
 8 SYSTEMPATH\CodeIgniter.php(507): CodeIgniter\CodeIgniter->runController(Object(App\Controllers\Dashboard))
 9 SYSTEMPATH\CodeIgniter.php(354): CodeIgniter\CodeIgniter->handleRequest(null, Object(Config\Cache), false)
10 SYSTEMPATH\Boot.php(363): CodeIgniter\CodeIgniter->run()
11 SYSTEMPATH\Boot.php(68): CodeIgniter\Boot::runCodeIgniter(Object(CodeIgniter\CodeIgniter))
12 FCPATH\index.php(59): CodeIgniter\Boot::bootWeb(Object(Config\Paths))
CRITICAL - 2026-02-10 16:07:57 --> ErrorException: Undefined variable $page
[Method: GET, Route: admin/dashboard]
in APPPATH\Views\admin\menus.php on line 85.
 1 APPPATH\Views\admin\menus.php(85): CodeIgniter\Debug\Exceptions->errorHandler(2, 'Undefined variable $page', 'C:\\xampp\\htdocs\\codeiginter_4\\app\\Views\\admin\\menus.php', 85)
 2 APPPATH\Views\admin\dashboard.php(3): include('C:\\xampp\\htdocs\\codeiginter_4\\app\\Views\\admin\\menus.php')
 3 SYSTEMPATH\View\View.php(226): include('C:\\xampp\\htdocs\\codeiginter_4\\app\\Views\\admin\\dashboard.php')
 4 SYSTEMPATH\View\View.php(229): CodeIgniter\View\View->CodeIgniter\View\{closure}()
 5 SYSTEMPATH\Common.php(1199): CodeIgniter\View\View->render('admin/dashboard', [], true)
 6 APPPATH\Controllers\Dashboard.php(9): view('admin/dashboard')
 7 SYSTEMPATH\CodeIgniter.php(933): App\Controllers\Dashboard->dashboard()
 8 SYSTEMPATH\CodeIgniter.php(507): CodeIgniter\CodeIgniter->runController(Object(App\Controllers\Dashboard))
 9 SYSTEMPATH\CodeIgniter.php(354): CodeIgniter\CodeIgniter->handleRequest(null, Object(Config\Cache), false)
10 SYSTEMPATH\Boot.php(363): CodeIgniter\CodeIgniter->run()
11 SYSTEMPATH\Boot.php(68): CodeIgniter\Boot::runCodeIgniter(Object(CodeIgniter\CodeIgniter))
12 FCPATH\index.php(59): CodeIgniter\Boot::bootWeb(Object(Config\Paths))
CRITICAL - 2026-02-10 16:18:12 --> Error: Class "App\Models\OrderModel" not found
[Method: GET, Route: admin/orders]
in APPPATH\Controllers\Order.php on line 14.
 1 SYSTEMPATH\CodeIgniter.php(903): App\Controllers\Order->__construct()
 2 SYSTEMPATH\CodeIgniter.php(498): CodeIgniter\CodeIgniter->createController()
 3 SYSTEMPATH\CodeIgniter.php(354): CodeIgniter\CodeIgniter->handleRequest(null, Object(Config\Cache), false)
 4 SYSTEMPATH\Boot.php(363): CodeIgniter\CodeIgniter->run()
 5 SYSTEMPATH\Boot.php(68): CodeIgniter\Boot::runCodeIgniter(Object(CodeIgniter\CodeIgniter))
 6 FCPATH\index.php(59): CodeIgniter\Boot::bootWeb(Object(Config\Paths))
CRITICAL - 2026-02-10 16:20:03 --> Error: Class "App\Models\OrderModel" not found
[Method: GET, Route: admin/orders]
in APPPATH\Controllers\Order.php on line 14.
 1 SYSTEMPATH\CodeIgniter.php(903): App\Controllers\Order->__construct()
 2 SYSTEMPATH\CodeIgniter.php(498): CodeIgniter\CodeIgniter->createController()
 3 SYSTEMPATH\CodeIgniter.php(354): CodeIgniter\CodeIgniter->handleRequest(null, Object(Config\Cache), false)
 4 SYSTEMPATH\Boot.php(363): CodeIgniter\CodeIgniter->run()
 5 SYSTEMPATH\Boot.php(68): CodeIgniter\Boot::runCodeIgniter(Object(CodeIgniter\CodeIgniter))
 6 FCPATH\index.php(59): CodeIgniter\Boot::bootWeb(Object(Config\Paths))
CRITICAL - 2026-02-10 16:20:52 --> Error: Class "App\Models\OrderModel" not found
[Method: GET, Route: admin/orders]
in APPPATH\Controllers\Order.php on line 14.
 1 SYSTEMPATH\CodeIgniter.php(903): App\Controllers\Order->__construct()
 2 SYSTEMPATH\CodeIgniter.php(498): CodeIgniter\CodeIgniter->createController()
 3 SYSTEMPATH\CodeIgniter.php(354): CodeIgniter\CodeIgniter->handleRequest(null, Object(Config\Cache), false)
 4 SYSTEMPATH\Boot.php(363): CodeIgniter\CodeIgniter->run()
 5 SYSTEMPATH\Boot.php(68): CodeIgniter\Boot::runCodeIgniter(Object(CodeIgniter\CodeIgniter))
 6 FCPATH\index.php(59): CodeIgniter\Boot::bootWeb(Object(Config\Paths))
CRITICAL - 2026-02-10 16:20:55 --> Error: Class "App\Models\OrderModel" not found
[Method: GET, Route: admin/orders]
in APPPATH\Controllers\Order.php on line 14.
 1 SYSTEMPATH\CodeIgniter.php(903): App\Controllers\Order->__construct()
 2 SYSTEMPATH\CodeIgniter.php(498): CodeIgniter\CodeIgniter->createController()
 3 SYSTEMPATH\CodeIgniter.php(354): CodeIgniter\CodeIgniter->handleRequest(null, Object(Config\Cache), false)
 4 SYSTEMPATH\Boot.php(363): CodeIgniter\CodeIgniter->run()
 5 SYSTEMPATH\Boot.php(68): CodeIgniter\Boot::runCodeIgniter(Object(CodeIgniter\CodeIgniter))
 6 FCPATH\index.php(59): CodeIgniter\Boot::bootWeb(Object(Config\Paths))
CRITICAL - 2026-02-10 16:21:43 --> Error: Class "App\Models\OrderModel" not found
[Method: GET, Route: admin/orders]
in APPPATH\Controllers\Order.php on line 14.
 1 SYSTEMPATH\CodeIgniter.php(903): App\Controllers\Order->__construct()
 2 SYSTEMPATH\CodeIgniter.php(498): CodeIgniter\CodeIgniter->createController()
 3 SYSTEMPATH\CodeIgniter.php(354): CodeIgniter\CodeIgniter->handleRequest(null, Object(Config\Cache), false)
 4 SYSTEMPATH\Boot.php(363): CodeIgniter\CodeIgniter->run()
 5 SYSTEMPATH\Boot.php(68): CodeIgniter\Boot::runCodeIgniter(Object(CodeIgniter\CodeIgniter))
 6 FCPATH\index.php(59): CodeIgniter\Boot::bootWeb(Object(Config\Paths))
CRITICAL - 2026-02-10 16:22:35 --> Error: Class "App\Models\OrderModel" not found
[Method: GET, Route: admin/orders]
in APPPATH\Controllers\Order.php on line 14.
 1 SYSTEMPATH\CodeIgniter.php(903): App\Controllers\Order->__construct()
 2 SYSTEMPATH\CodeIgniter.php(498): CodeIgniter\CodeIgniter->createController()
 3 SYSTEMPATH\CodeIgniter.php(354): CodeIgniter\CodeIgniter->handleRequest(null, Object(Config\Cache), false)
 4 SYSTEMPATH\Boot.php(363): CodeIgniter\CodeIgniter->run()
 5 SYSTEMPATH\Boot.php(68): CodeIgniter\Boot::runCodeIgniter(Object(CodeIgniter\CodeIgniter))
 6 FCPATH\index.php(59): CodeIgniter\Boot::bootWeb(Object(Config\Paths))
CRITICAL - 2026-02-10 16:22:38 --> Error: Class "App\Models\OrderModel" not found
[Method: GET, Route: admin/orders]
in APPPATH\Controllers\Order.php on line 14.
 1 SYSTEMPATH\CodeIgniter.php(903): App\Controllers\Order->__construct()
 2 SYSTEMPATH\CodeIgniter.php(498): CodeIgniter\CodeIgniter->createController()
 3 SYSTEMPATH\CodeIgniter.php(354): CodeIgniter\CodeIgniter->handleRequest(null, Object(Config\Cache), false)
 4 SYSTEMPATH\Boot.php(363): CodeIgniter\CodeIgniter->run()
 5 SYSTEMPATH\Boot.php(68): CodeIgniter\Boot::runCodeIgniter(Object(CodeIgniter\CodeIgniter))
 6 FCPATH\index.php(59): CodeIgniter\Boot::bootWeb(Object(Config\Paths))
CRITICAL - 2026-02-10 16:23:02 --> Error: Class "App\Models\OrderModel" not found
[Method: GET, Route: admin/orders]
in APPPATH\Controllers\Order.php on line 14.
 1 SYSTEMPATH\CodeIgniter.php(903): App\Controllers\Order->__construct()
 2 SYSTEMPATH\CodeIgniter.php(498): CodeIgniter\CodeIgniter->createController()
 3 SYSTEMPATH\CodeIgniter.php(354): CodeIgniter\CodeIgniter->handleRequest(null, Object(Config\Cache), false)
 4 SYSTEMPATH\Boot.php(363): CodeIgniter\CodeIgniter->run()
 5 SYSTEMPATH\Boot.php(68): CodeIgniter\Boot::runCodeIgniter(Object(CodeIgniter\CodeIgniter))
 6 FCPATH\index.php(59): CodeIgniter\Boot::bootWeb(Object(Config\Paths))
CRITICAL - 2026-02-10 16:23:18 --> Error: Class "App\Models\OrderModel" not found
[Method: GET, Route: admin/orders]
in APPPATH\Controllers\Order.php on line 14.
 1 SYSTEMPATH\CodeIgniter.php(903): App\Controllers\Order->__construct()
 2 SYSTEMPATH\CodeIgniter.php(498): CodeIgniter\CodeIgniter->createController()
 3 SYSTEMPATH\CodeIgniter.php(354): CodeIgniter\CodeIgniter->handleRequest(null, Object(Config\Cache), false)
 4 SYSTEMPATH\Boot.php(363): CodeIgniter\CodeIgniter->run()
 5 SYSTEMPATH\Boot.php(68): CodeIgniter\Boot::runCodeIgniter(Object(CodeIgniter\CodeIgniter))
 6 FCPATH\index.php(59): CodeIgniter\Boot::bootWeb(Object(Config\Paths))
CRITICAL - 2026-02-10 16:25:00 --> Error: Class "App\Models\OrderModel" not found
[Method: GET, Route: admin/orders]
in APPPATH\Controllers\Order.php on line 14.
 1 SYSTEMPATH\CodeIgniter.php(903): App\Controllers\Order->__construct()
 2 SYSTEMPATH\CodeIgniter.php(498): CodeIgniter\CodeIgniter->createController()
 3 SYSTEMPATH\CodeIgniter.php(354): CodeIgniter\CodeIgniter->handleRequest(null, Object(Config\Cache), false)
 4 SYSTEMPATH\Boot.php(363): CodeIgniter\CodeIgniter->run()
 5 SYSTEMPATH\Boot.php(68): CodeIgniter\Boot::runCodeIgniter(Object(CodeIgniter\CodeIgniter))
 6 FCPATH\index.php(59): CodeIgniter\Boot::bootWeb(Object(Config\Paths))
CRITICAL - 2026-02-10 16:28:25 --> Error: Class "App\Models\OrderModel" not found
[Method: GET, Route: admin/orders]
in APPPATH\Controllers\Order.php on line 14.
 1 SYSTEMPATH\CodeIgniter.php(903): App\Controllers\Order->__construct()
 2 SYSTEMPATH\CodeIgniter.php(498): CodeIgniter\CodeIgniter->createController()
 3 SYSTEMPATH\CodeIgniter.php(354): CodeIgniter\CodeIgniter->handleRequest(null, Object(Config\Cache), false)
 4 SYSTEMPATH\Boot.php(363): CodeIgniter\CodeIgniter->run()
 5 SYSTEMPATH\Boot.php(68): CodeIgniter\Boot::runCodeIgniter(Object(CodeIgniter\CodeIgniter))
 6 FCPATH\index.php(59): CodeIgniter\Boot::bootWeb(Object(Config\Paths))
CRITICAL - 2026-02-10 16:28:31 --> Error: Class "App\Models\OrderModel" not found
[Method: GET, Route: admin/orders]
in APPPATH\Controllers\Order.php on line 14.
 1 SYSTEMPATH\CodeIgniter.php(903): App\Controllers\Order->__construct()
 2 SYSTEMPATH\CodeIgniter.php(498): CodeIgniter\CodeIgniter->createController()
 3 SYSTEMPATH\CodeIgniter.php(354): CodeIgniter\CodeIgniter->handleRequest(null, Object(Config\Cache), false)
 4 SYSTEMPATH\Boot.php(363): CodeIgniter\CodeIgniter->run()
 5 SYSTEMPATH\Boot.php(68): CodeIgniter\Boot::runCodeIgniter(Object(CodeIgniter\CodeIgniter))
 6 FCPATH\index.php(59): CodeIgniter\Boot::bootWeb(Object(Config\Paths))
CRITICAL - 2026-02-10 16:28:33 --> Error: Class "App\Models\OrderModel" not found
[Method: GET, Route: admin/orders]
in APPPATH\Controllers\Order.php on line 14.
 1 SYSTEMPATH\CodeIgniter.php(903): App\Controllers\Order->__construct()
 2 SYSTEMPATH\CodeIgniter.php(498): CodeIgniter\CodeIgniter->createController()
 3 SYSTEMPATH\CodeIgniter.php(354): CodeIgniter\CodeIgniter->handleRequest(null, Object(Config\Cache), false)
 4 SYSTEMPATH\Boot.php(363): CodeIgniter\CodeIgniter->run()
 5 SYSTEMPATH\Boot.php(68): CodeIgniter\Boot::runCodeIgniter(Object(CodeIgniter\CodeIgniter))
 6 FCPATH\index.php(59): CodeIgniter\Boot::bootWeb(Object(Config\Paths))
CRITICAL - 2026-02-10 16:29:03 --> Error: Class "App\Models\OrderModel" not found
[Method: GET, Route: admin/orders]
in APPPATH\Controllers\Order.php on line 14.
 1 SYSTEMPATH\CodeIgniter.php(903): App\Controllers\Order->__construct()
 2 SYSTEMPATH\CodeIgniter.php(498): CodeIgniter\CodeIgniter->createController()
 3 SYSTEMPATH\CodeIgniter.php(354): CodeIgniter\CodeIgniter->handleRequest(null, Object(Config\Cache), false)
 4 SYSTEMPATH\Boot.php(363): CodeIgniter\CodeIgniter->run()
 5 SYSTEMPATH\Boot.php(68): CodeIgniter\Boot::runCodeIgniter(Object(CodeIgniter\CodeIgniter))
 6 FCPATH\index.php(59): CodeIgniter\Boot::bootWeb(Object(Config\Paths))
CRITICAL - 2026-02-10 16:29:05 --> Error: Class "App\Models\OrderModel" not found
[Method: GET, Route: admin/orders]
in APPPATH\Controllers\Order.php on line 14.
 1 SYSTEMPATH\CodeIgniter.php(903): App\Controllers\Order->__construct()
 2 SYSTEMPATH\CodeIgniter.php(498): CodeIgniter\CodeIgniter->createController()
 3 SYSTEMPATH\CodeIgniter.php(354): CodeIgniter\CodeIgniter->handleRequest(null, Object(Config\Cache), false)
 4 SYSTEMPATH\Boot.php(363): CodeIgniter\CodeIgniter->run()
 5 SYSTEMPATH\Boot.php(68): CodeIgniter\Boot::runCodeIgniter(Object(CodeIgniter\CodeIgniter))
 6 FCPATH\index.php(59): CodeIgniter\Boot::bootWeb(Object(Config\Paths))
CRITICAL - 2026-02-10 16:29:28 --> Error: Class "App\Models\OrderModel" not found
[Method: GET, Route: admin/orders]
in APPPATH\Controllers\Order.php on line 14.
 1 SYSTEMPATH\CodeIgniter.php(903): App\Controllers\Order->__construct()
 2 SYSTEMPATH\CodeIgniter.php(498): CodeIgniter\CodeIgniter->createController()
 3 SYSTEMPATH\CodeIgniter.php(354): CodeIgniter\CodeIgniter->handleRequest(null, Object(Config\Cache), false)
 4 SYSTEMPATH\Boot.php(363): CodeIgniter\CodeIgniter->run()
 5 SYSTEMPATH\Boot.php(68): CodeIgniter\Boot::runCodeIgniter(Object(CodeIgniter\CodeIgniter))
 6 FCPATH\index.php(59): CodeIgniter\Boot::bootWeb(Object(Config\Paths))
CRITICAL - 2026-02-10 16:29:30 --> Error: Class "App\Models\OrderModel" not found
[Method: GET, Route: admin/orders]
in APPPATH\Controllers\Order.php on line 14.
 1 SYSTEMPATH\CodeIgniter.php(903): App\Controllers\Order->__construct()
 2 SYSTEMPATH\CodeIgniter.php(498): CodeIgniter\CodeIgniter->createController()
 3 SYSTEMPATH\CodeIgniter.php(354): CodeIgniter\CodeIgniter->handleRequest(null, Object(Config\Cache), false)
 4 SYSTEMPATH\Boot.php(363): CodeIgniter\CodeIgniter->run()
 5 SYSTEMPATH\Boot.php(68): CodeIgniter\Boot::runCodeIgniter(Object(CodeIgniter\CodeIgniter))
 6 FCPATH\index.php(59): CodeIgniter\Boot::bootWeb(Object(Config\Paths))
CRITICAL - 2026-02-10 16:29:30 --> Error: Class "App\Models\OrderModel" not found
[Method: GET, Route: admin/orders]
in APPPATH\Controllers\Order.php on line 14.
 1 SYSTEMPATH\CodeIgniter.php(903): App\Controllers\Order->__construct()
 2 SYSTEMPATH\CodeIgniter.php(498): CodeIgniter\CodeIgniter->createController()
 3 SYSTEMPATH\CodeIgniter.php(354): CodeIgniter\CodeIgniter->handleRequest(null, Object(Config\Cache), false)
 4 SYSTEMPATH\Boot.php(363): CodeIgniter\CodeIgniter->run()
 5 SYSTEMPATH\Boot.php(68): CodeIgniter\Boot::runCodeIgniter(Object(CodeIgniter\CodeIgniter))
 6 FCPATH\index.php(59): CodeIgniter\Boot::bootWeb(Object(Config\Paths))
CRITICAL - 2026-02-10 16:29:41 --> Error: Class "App\Models\OrderModel" not found
[Method: GET, Route: admin/orders]
in APPPATH\Controllers\Order.php on line 14.
 1 SYSTEMPATH\CodeIgniter.php(903): App\Controllers\Order->__construct()
 2 SYSTEMPATH\CodeIgniter.php(498): CodeIgniter\CodeIgniter->createController()
 3 SYSTEMPATH\CodeIgniter.php(354): CodeIgniter\CodeIgniter->handleRequest(null, Object(Config\Cache), false)
 4 SYSTEMPATH\Boot.php(363): CodeIgniter\CodeIgniter->run()
 5 SYSTEMPATH\Boot.php(68): CodeIgniter\Boot::runCodeIgniter(Object(CodeIgniter\CodeIgniter))
 6 FCPATH\index.php(59): CodeIgniter\Boot::bootWeb(Object(Config\Paths))
