CRITICAL - 2026-02-05 15:21:28 --> ErrorException: Declaration of App\Models\UserModel::insert(array $param) must be compatible with CodeIgniter\Model::insert($row = null, bool $returnID = true)
[Method: POST, Route: register/usernameValidation]
in APPPATH\Models\UserModel.php on line 31.
 1 [internal function]: CodeIgniter\Debug\Exceptions->shutdownHandler()
CRITICAL - 2026-02-05 15:21:39 --> ErrorException: Declaration of App\Models\UserModel::insert(array $param) must be compatible with CodeIgniter\Model::insert($row = null, bool $returnID = true)
[Method: POST, Route: register/emailValidation]
in APPPATH\Models\UserModel.php on line 31.
 1 [internal function]: CodeIgniter\Debug\Exceptions->shutdownHandler()
CRITICAL - 2026-02-05 15:23:01 --> ErrorException: Declaration of App\Models\UserModel::insert(array $param) must be compatible with CodeIgniter\Model::insert($row = null, bool $returnID = true)
[Method: POST, Route: register/usernameValidation]
in APPPATH\Models\UserModel.php on line 31.
 1 [internal function]: CodeIgniter\Debug\Exceptions->shutdownHandler()
CRITICAL - 2026-02-05 15:28:38 --> ErrorException: Declaration of App\Models\UserModel::insert(array $param) must be compatible with CodeIgniter\Model::insert($row = null, bool $returnID = true)
[Method: POST, Route: register/usernameValidation]
in APPPATH\Models\UserModel.php on line 31.
 1 [internal function]: CodeIgniter\Debug\Exceptions->shutdownHandler()
CRITICAL - 2026-02-05 15:29:46 --> ErrorException: Declaration of App\Models\UserModel::insert(array $param) must be compatible with CodeIgniter\Model::insert($row = null, bool $returnID = true)
[Method: POST, Route: register/usernameValidation]
in APPPATH\Models\UserModel.php on line 31.
 1 [internal function]: CodeIgniter\Debug\Exceptions->shutdownHandler()
CRITICAL - 2026-02-05 15:33:05 --> ErrorException: Declaration of App\Models\UserModel::insert(array $param) must be compatible with CodeIgniter\Model::insert($row = null, bool $returnID = true)
[Method: POST, Route: register/usernameValidation]
in APPPATH\Models\UserModel.php on line 31.
 1 [internal function]: CodeIgniter\Debug\Exceptions->shutdownHandler()
CRITICAL - 2026-02-05 15:33:11 --> ErrorException: Declaration of App\Models\UserModel::insert(array $param) must be compatible with CodeIgniter\Model::insert($row = null, bool $returnID = true)
[Method: POST, Route: register/usernameValidation]
in APPPATH\Models\UserModel.php on line 31.
 1 [internal function]: CodeIgniter\Debug\Exceptions->shutdownHandler()
CRITICAL - 2026-02-05 15:34:43 --> ErrorException: Declaration of App\Models\UserModel::insert(array $param) must be compatible with CodeIgniter\Model::insert($row = null, bool $returnID = true)
[Method: POST, Route: register/usernameValidation]
in APPPATH\Models\UserModel.php on line 33.
 1 [internal function]: CodeIgniter\Debug\Exceptions->shutdownHandler()
CRITICAL - 2026-02-05 15:35:25 --> ErrorException: Declaration of App\Models\UserModel::insert(array $param) must be compatible with CodeIgniter\Model::insert($row = null, bool $returnID = true)
[Method: POST, Route: register/usernameValidation]
in APPPATH\Models\UserModel.php on line 29.
 1 [internal function]: CodeIgniter\Debug\Exceptions->shutdownHandler()
CRITICAL - 2026-02-05 15:36:42 --> ErrorException: Declaration of App\Models\UserModel::insert(array $param) must be compatible with CodeIgniter\Model::insert($row = null, bool $returnID = true)
[Method: POST, Route: register/usernameValidation]
in APPPATH\Models\UserModel.php on line 29.
 1 [internal function]: CodeIgniter\Debug\Exceptions->shutdownHandler()
CRITICAL - 2026-02-05 15:36:49 --> ErrorException: Declaration of App\Models\UserModel::insert(array $param) must be compatible with CodeIgniter\Model::insert($row = null, bool $returnID = true)
[Method: POST, Route: register/usernameValidation]
in APPPATH\Models\UserModel.php on line 29.
 1 [internal function]: CodeIgniter\Debug\Exceptions->shutdownHandler()
CRITICAL - 2026-02-05 15:37:24 --> ErrorException: Declaration of App\Models\UserModel::insert(array $param) must be compatible with CodeIgniter\Model::insert($row = null, bool $returnID = true)
[Method: POST, Route: register/usernameValidation]
in APPPATH\Models\UserModel.php on line 29.
 1 [internal function]: CodeIgniter\Debug\Exceptions->shutdownHandler()
CRITICAL - 2026-02-05 15:39:02 --> ErrorException: Declaration of App\Models\UserModel::insert(array $param) must be compatible with CodeIgniter\Model::insert($row = null, bool $returnID = true)
[Method: POST, Route: register/usernameValidation]
in APPPATH\Models\UserModel.php on line 29.
 1 [internal function]: CodeIgniter\Debug\Exceptions->shutdownHandler()
CRITICAL - 2026-02-05 15:39:04 --> ErrorException: Declaration of App\Models\UserModel::insert(array $param) must be compatible with CodeIgniter\Model::insert($row = null, bool $returnID = true)
[Method: POST, Route: register/emailValidation]
in APPPATH\Models\UserModel.php on line 29.
 1 [internal function]: CodeIgniter\Debug\Exceptions->shutdownHandler()
CRITICAL - 2026-02-05 15:44:51 --> ErrorException: Declaration of App\Models\UserModel::insert(array $param) must be compatible with CodeIgniter\Model::insert($row = null, bool $returnID = true)
[Method: POST, Route: register/usernameValidation]
in APPPATH\Models\UserModel.php on line 29.
 1 [internal function]: CodeIgniter\Debug\Exceptions->shutdownHandler()
CRITICAL - 2026-02-05 15:46:56 --> ErrorException: Declaration of App\Models\UserModel::insert(array $param) must be compatible with CodeIgniter\Model::insert($row = null, bool $returnID = true)
[Method: POST, Route: register/usernameValidation]
in APPPATH\Models\UserModel.php on line 29.
 1 [internal function]: CodeIgniter\Debug\Exceptions->shutdownHandler()
CRITICAL - 2026-02-05 15:47:12 --> ErrorException: Declaration of App\Models\UserModel::insert(array $param) must be compatible with CodeIgniter\Model::insert($row = null, bool $returnID = true)
[Method: POST, Route: register/usernameValidation]
in APPPATH\Models\UserModel.php on line 29.
 1 [internal function]: CodeIgniter\Debug\Exceptions->shutdownHandler()
CRITICAL - 2026-02-05 15:49:59 --> ErrorException: Declaration of App\Models\UserModel::insert(array $param) must be compatible with CodeIgniter\Model::insert($row = null, bool $returnID = true)
[Method: POST, Route: register/usernameValidation]
in APPPATH\Models\UserModel.php on line 38.
 1 [internal function]: CodeIgniter\Debug\Exceptions->shutdownHandler()
CRITICAL - 2026-02-05 16:06:30 --> CodeIgniter\Database\Exceptions\DataException: Allowed fields must be specified for model: "App\Models\UserModel"
[Method: POST, Route: register/registerData]
in SYSTEMPATH\Model.php on line 819.
 1 SYSTEMPATH\Model.php(819): CodeIgniter\Database\Exceptions\DataException::forInvalidAllowedFields('App\\Models\\UserModel')
 2 SYSTEMPATH\BaseModel.php(819): CodeIgniter\Model->doProtectFieldsForInsert([...])
 3 SYSTEMPATH\Model.php(797): CodeIgniter\BaseModel->insert([...], true)
 4 APPPATH\Models\UserModel.php(31): CodeIgniter\Model->insert([...])
 5 APPPATH\Controllers\Register.php(30): App\Models\UserModel->register_data([...])
 6 SYSTEMPATH\CodeIgniter.php(933): App\Controllers\Register->registerData()
 7 SYSTEMPATH\CodeIgniter.php(507): CodeIgniter\CodeIgniter->runController(Object(App\Controllers\Register))
 8 SYSTEMPATH\CodeIgniter.php(354): CodeIgniter\CodeIgniter->handleRequest(null, Object(Config\Cache), false)
 9 SYSTEMPATH\Boot.php(363): CodeIgniter\CodeIgniter->run()
10 SYSTEMPATH\Boot.php(68): CodeIgniter\Boot::runCodeIgniter(Object(CodeIgniter\CodeIgniter))
11 FCPATH\index.php(59): CodeIgniter\Boot::bootWeb(Object(Config\Paths))
