CRITICAL - 2026-02-23 14:47:01 --> ErrorException: Undefined global variable $_SESSION
[Method: GET, Route: admin/products]
in APPPATH\Views\admin\header.php on line 307.
 1 APPPATH\Views\admin\header.php(307): CodeIgniter\Debug\Exceptions->errorHandler(2, 'Undefined global variable $_SESSION', 'C:\\xampp\\htdocs\\codeigniter_4\\app\\Views\\admin\\header.php', 307)
 2 APPPATH\Views\admin\products.php(3): include('C:\\xampp\\htdocs\\codeigniter_4\\app\\Views\\admin\\header.php')
 3 SYSTEMPATH\View\View.php(226): include('C:\\xampp\\htdocs\\codeigniter_4\\app\\Views\\admin\\products.php')
 4 SYSTEMPATH\View\View.php(229): CodeIgniter\View\View->CodeIgniter\View\{closure}()
 5 SYSTEMPATH\Common.php(1199): CodeIgniter\View\View->render('admin/products', [], true)
 6 APPPATH\Controllers\Products.php(27): view('admin/products', [...])
 7 SYSTEMPATH\CodeIgniter.php(933): App\Controllers\Products->product_view()
 8 SYSTEMPATH\CodeIgniter.php(507): CodeIgniter\CodeIgniter->runController(Object(App\Controllers\Products))
 9 SYSTEMPATH\CodeIgniter.php(354): CodeIgniter\CodeIgniter->handleRequest(null, Object(Config\Cache), false)
10 SYSTEMPATH\Boot.php(363): CodeIgniter\CodeIgniter->run()
11 SYSTEMPATH\Boot.php(68): CodeIgniter\Boot::runCodeIgniter(Object(CodeIgniter\CodeIgniter))
12 FCPATH\index.php(59): CodeIgniter\Boot::bootWeb(Object(Config\Paths))
CRITICAL - 2026-02-23 14:47:15 --> ErrorException: Undefined global variable $_SESSION
[Method: GET, Route: admin/categories]
in APPPATH\Views\admin\header.php on line 307.
 1 APPPATH\Views\admin\header.php(307): CodeIgniter\Debug\Exceptions->errorHandler(2, 'Undefined global variable $_SESSION', 'C:\\xampp\\htdocs\\codeigniter_4\\app\\Views\\admin\\header.php', 307)
 2 APPPATH\Views\admin\categories.php(3): include('C:\\xampp\\htdocs\\codeigniter_4\\app\\Views\\admin\\header.php')
 3 SYSTEMPATH\View\View.php(226): include('C:\\xampp\\htdocs\\codeigniter_4\\app\\Views\\admin\\categories.php')
 4 SYSTEMPATH\View\View.php(229): CodeIgniter\View\View->CodeIgniter\View\{closure}()
 5 SYSTEMPATH\Common.php(1199): CodeIgniter\View\View->render('admin/categories', [], true)
 6 APPPATH\Controllers\Categories.php(27): view('admin/categories', [...])
 7 SYSTEMPATH\CodeIgniter.php(933): App\Controllers\Categories->categories_view()
 8 SYSTEMPATH\CodeIgniter.php(507): CodeIgniter\CodeIgniter->runController(Object(App\Controllers\Categories))
 9 SYSTEMPATH\CodeIgniter.php(354): CodeIgniter\CodeIgniter->handleRequest(null, Object(Config\Cache), false)
10 SYSTEMPATH\Boot.php(363): CodeIgniter\CodeIgniter->run()
11 SYSTEMPATH\Boot.php(68): CodeIgniter\Boot::runCodeIgniter(Object(CodeIgniter\CodeIgniter))
12 FCPATH\index.php(59): CodeIgniter\Boot::bootWeb(Object(Config\Paths))
ERROR - 2026-02-23 15:39:47 --> mysqli_sql_exception: Unknown column 'created_at' in 'field list' in C:\xampp\htdocs\codeigniter_4\system\Database\MySQLi\Connection.php:327
Stack trace:
#0 C:\xampp\htdocs\codeigniter_4\system\Database\MySQLi\Connection.php(327): mysqli->query('INSERT INTO `pr...', 0)
#1 C:\xampp\htdocs\codeigniter_4\system\Database\BaseConnection.php(729): CodeIgniter\Database\MySQLi\Connection->execute('INSERT INTO `pr...')
#2 C:\xampp\htdocs\codeigniter_4\system\Database\BaseConnection.php(646): CodeIgniter\Database\BaseConnection->simpleQuery('INSERT INTO `pr...')
#3 C:\xampp\htdocs\codeigniter_4\system\Database\BaseBuilder.php(2345): CodeIgniter\Database\BaseConnection->query('INSERT INTO `pr...', Array, false)
#4 C:\xampp\htdocs\codeigniter_4\system\Model.php(394): CodeIgniter\Database\BaseBuilder->insert()
#5 C:\xampp\htdocs\codeigniter_4\system\BaseModel.php(838): CodeIgniter\Model->doInsert(Array)
#6 C:\xampp\htdocs\codeigniter_4\system\Model.php(797): CodeIgniter\BaseModel->insert(Array, true)
#7 C:\xampp\htdocs\codeigniter_4\app\Controllers\Products.php(94): CodeIgniter\Model->insert(Array)
#8 C:\xampp\htdocs\codeigniter_4\system\CodeIgniter.php(933): App\Controllers\Products->addProduct()
#9 C:\xampp\htdocs\codeigniter_4\system\CodeIgniter.php(507): CodeIgniter\CodeIgniter->runController(Object(App\Controllers\Products))
#10 C:\xampp\htdocs\codeigniter_4\system\CodeIgniter.php(354): CodeIgniter\CodeIgniter->handleRequest(NULL, Object(Config\Cache), false)
#11 C:\xampp\htdocs\codeigniter_4\system\Boot.php(363): CodeIgniter\CodeIgniter->run()
#12 C:\xampp\htdocs\codeigniter_4\system\Boot.php(68): CodeIgniter\Boot::runCodeIgniter(Object(CodeIgniter\CodeIgniter))
#13 C:\xampp\htdocs\codeigniter_4\public\index.php(59): CodeIgniter\Boot::bootWeb(Object(Config\Paths))
#14 {main}
