CRITICAL - 2026-02-04 16:57:36 --> ErrorException: Declaration of App\Models\UserModel::insert(array $param) must be compatible with CodeIgniter\Model::insert($row = null, bool $returnID = true)
[Method: POST, Route: register/usernameValidation]
in APPPATH\Models\UserModel.php on line 31.
 1 [internal function]: CodeIgniter\Debug\Exceptions->shutdownHandler()
CRITICAL - 2026-02-04 16:57:38 --> ErrorException: Declaration of App\Models\UserModel::insert(array $param) must be compatible with CodeIgniter\Model::insert($row = null, bool $returnID = true)
[Method: POST, Route: register/emailValidation]
in APPPATH\Models\UserModel.php on line 31.
 1 [internal function]: CodeIgniter\Debug\Exceptions->shutdownHandler()
CRITICAL - 2026-02-04 16:59:30 --> ErrorException: Declaration of App\Models\UserModel::insert(array $param) must be compatible with CodeIgniter\Model::insert($row = null, bool $returnID = true)
[Method: POST, Route: register/usernameValidation]
in APPPATH\Models\UserModel.php on line 31.
 1 [internal function]: CodeIgniter\Debug\Exceptions->shutdownHandler()
CRITICAL - 2026-02-04 16:59:33 --> ErrorException: Declaration of App\Models\UserModel::insert(array $param) must be compatible with CodeIgniter\Model::insert($row = null, bool $returnID = true)
[Method: POST, Route: register/emailValidation]
in APPPATH\Models\UserModel.php on line 31.
 1 [internal function]: CodeIgniter\Debug\Exceptions->shutdownHandler()
CRITICAL - 2026-02-04 17:00:10 --> ErrorException: Declaration of App\Models\UserModel::insert(array $param) must be compatible with CodeIgniter\Model::insert($row = null, bool $returnID = true)
[Method: POST, Route: register/emailValidation]
in APPPATH\Models\UserModel.php on line 31.
 1 [internal function]: CodeIgniter\Debug\Exceptions->shutdownHandler()
